Determining if the function crc32c_value exists in the crc32c failed with the following output:
Change Dir: /home/building/kv/leveldb-1.23-second-final-separate-log/leveldb-1.23-second/cmake-build-debug/CMakeFiles/CMakeTmp

Run Build Command(s):/usr/bin/make cmTC_c74b3/fast && /usr/bin/make -f CMakeFiles/cmTC_c74b3.dir/build.make CMakeFiles/cmTC_c74b3.dir/build
make[1]: 进入目录“/home/building/kv/leveldb-1.23-second-final-separate-log/leveldb-1.23-second/cmake-build-debug/CMakeFiles/CMakeTmp”
Building C object CMakeFiles/cmTC_c74b3.dir/CheckFunctionExists.c.o
/usr/bin/cc   -DCHECK_FUNCTION_EXISTS=crc32c_value   -std=c11 -o CMakeFiles/cmTC_c74b3.dir/CheckFunctionExists.c.o   -c /home/building/CLion-2019.3/clion-2019.3/bin/cmake/linux/share/cmake-3.15/Modules/CheckFunctionExists.c
Linking C executable cmTC_c74b3
/home/building/CLion-2019.3/clion-2019.3/bin/cmake/linux/bin/cmake -E cmake_link_script CMakeFiles/cmTC_c74b3.dir/link.txt --verbose=1
/usr/bin/cc  -DCHECK_FUNCTION_EXISTS=crc32c_value    CMakeFiles/cmTC_c74b3.dir/CheckFunctionExists.c.o  -o cmTC_c74b3 -lcrc32c 
/usr/bin/ld: 找不到 -lcrc32c
collect2: error: ld returned 1 exit status
CMakeFiles/cmTC_c74b3.dir/build.make:86: recipe for target 'cmTC_c74b3' failed
make[1]: *** [cmTC_c74b3] Error 1
make[1]: 离开目录“/home/building/kv/leveldb-1.23-second-final-separate-log/leveldb-1.23-second/cmake-build-debug/CMakeFiles/CMakeTmp”
Makefile:121: recipe for target 'cmTC_c74b3/fast' failed
make: *** [cmTC_c74b3/fast] Error 2



Determining if the function snappy_compress exists in the snappy failed with the following output:
Change Dir: /home/building/kv/leveldb-1.23-second-final-separate-log/leveldb-1.23-second/cmake-build-debug/CMakeFiles/CMakeTmp

Run Build Command(s):/usr/bin/make cmTC_42f03/fast && /usr/bin/make -f CMakeFiles/cmTC_42f03.dir/build.make CMakeFiles/cmTC_42f03.dir/build
make[1]: 进入目录“/home/building/kv/leveldb-1.23-second-final-separate-log/leveldb-1.23-second/cmake-build-debug/CMakeFiles/CMakeTmp”
Building C object CMakeFiles/cmTC_42f03.dir/CheckFunctionExists.c.o
/usr/bin/cc   -DCHECK_FUNCTION_EXISTS=snappy_compress   -std=c11 -o CMakeFiles/cmTC_42f03.dir/CheckFunctionExists.c.o   -c /home/building/CLion-2019.3/clion-2019.3/bin/cmake/linux/share/cmake-3.15/Modules/CheckFunctionExists.c
Linking C executable cmTC_42f03
/home/building/CLion-2019.3/clion-2019.3/bin/cmake/linux/bin/cmake -E cmake_link_script CMakeFiles/cmTC_42f03.dir/link.txt --verbose=1
/usr/bin/cc  -DCHECK_FUNCTION_EXISTS=snappy_compress    CMakeFiles/cmTC_42f03.dir/CheckFunctionExists.c.o  -o cmTC_42f03 -lsnappy 
/usr/bin/ld: 找不到 -lsnappy
collect2: error: ld returned 1 exit status
CMakeFiles/cmTC_42f03.dir/build.make:86: recipe for target 'cmTC_42f03' failed
make[1]: *** [cmTC_42f03] Error 1
make[1]: 离开目录“/home/building/kv/leveldb-1.23-second-final-separate-log/leveldb-1.23-second/cmake-build-debug/CMakeFiles/CMakeTmp”
Makefile:121: recipe for target 'cmTC_42f03/fast' failed
make: *** [cmTC_42f03/fast] Error 2



Determining if the function malloc exists in the tcmalloc failed with the following output:
Change Dir: /home/building/kv/leveldb-1.23-second-final-separate-log/leveldb-1.23-second/cmake-build-debug/CMakeFiles/CMakeTmp

Run Build Command(s):/usr/bin/make cmTC_48fcf/fast && /usr/bin/make -f CMakeFiles/cmTC_48fcf.dir/build.make CMakeFiles/cmTC_48fcf.dir/build
make[1]: 进入目录“/home/building/kv/leveldb-1.23-second-final-separate-log/leveldb-1.23-second/cmake-build-debug/CMakeFiles/CMakeTmp”
Building C object CMakeFiles/cmTC_48fcf.dir/CheckFunctionExists.c.o
/usr/bin/cc   -DCHECK_FUNCTION_EXISTS=malloc   -std=c11 -o CMakeFiles/cmTC_48fcf.dir/CheckFunctionExists.c.o   -c /home/building/CLion-2019.3/clion-2019.3/bin/cmake/linux/share/cmake-3.15/Modules/CheckFunctionExists.c
<command-line>:0:23: warning: conflicting types for built-in function ‘malloc’ [-Wbuiltin-declaration-mismatch]
/home/building/CLion-2019.3/clion-2019.3/bin/cmake/linux/share/cmake-3.15/Modules/CheckFunctionExists.c:7:3: note: in expansion of macro ‘CHECK_FUNCTION_EXISTS’
   CHECK_FUNCTION_EXISTS(void);
   ^~~~~~~~~~~~~~~~~~~~~
Linking C executable cmTC_48fcf
/home/building/CLion-2019.3/clion-2019.3/bin/cmake/linux/bin/cmake -E cmake_link_script CMakeFiles/cmTC_48fcf.dir/link.txt --verbose=1
/usr/bin/cc  -DCHECK_FUNCTION_EXISTS=malloc    CMakeFiles/cmTC_48fcf.dir/CheckFunctionExists.c.o  -o cmTC_48fcf -ltcmalloc 
/usr/bin/ld: 找不到 -ltcmalloc
collect2: error: ld returned 1 exit status
CMakeFiles/cmTC_48fcf.dir/build.make:86: recipe for target 'cmTC_48fcf' failed
make[1]: *** [cmTC_48fcf] Error 1
make[1]: 离开目录“/home/building/kv/leveldb-1.23-second-final-separate-log/leveldb-1.23-second/cmake-build-debug/CMakeFiles/CMakeTmp”
Makefile:121: recipe for target 'cmTC_48fcf/fast' failed
make: *** [cmTC_48fcf/fast] Error 2



Determining if the F_FULLFSYNC exist failed with the following output:
Change Dir: /home/building/kv/leveldb-1.23-second-final-separate-log/leveldb-1.23-second/cmake-build-debug/CMakeFiles/CMakeTmp

Run Build Command(s):/usr/bin/make cmTC_45cf3/fast && /usr/bin/make -f CMakeFiles/cmTC_45cf3.dir/build.make CMakeFiles/cmTC_45cf3.dir/build
make[1]: 进入目录“/home/building/kv/leveldb-1.23-second-final-separate-log/leveldb-1.23-second/cmake-build-debug/CMakeFiles/CMakeTmp”
Building CXX object CMakeFiles/cmTC_45cf3.dir/CheckSymbolExists.cxx.o
/usr/bin/c++    -std=c++11 -o CMakeFiles/cmTC_45cf3.dir/CheckSymbolExists.cxx.o -c /home/building/kv/leveldb-1.23-second-final-separate-log/leveldb-1.23-second/cmake-build-debug/CMakeFiles/CMakeTmp/CheckSymbolExists.cxx
/home/building/kv/leveldb-1.23-second-final-separate-log/leveldb-1.23-second/cmake-build-debug/CMakeFiles/CMakeTmp/CheckSymbolExists.cxx: In function ‘int main(int, char**)’:
/home/building/kv/leveldb-1.23-second-final-separate-log/leveldb-1.23-second/cmake-build-debug/CMakeFiles/CMakeTmp/CheckSymbolExists.cxx:8:19: error: ‘F_FULLFSYNC’ was not declared in this scope
   return ((int*)(&F_FULLFSYNC))[argc];
                   ^~~~~~~~~~~
/home/building/kv/leveldb-1.23-second-final-separate-log/leveldb-1.23-second/cmake-build-debug/CMakeFiles/CMakeTmp/CheckSymbolExists.cxx:8:19: note: suggested alternative: ‘O_FSYNC’
   return ((int*)(&F_FULLFSYNC))[argc];
                   ^~~~~~~~~~~
                   O_FSYNC
CMakeFiles/cmTC_45cf3.dir/build.make:65: recipe for target 'CMakeFiles/cmTC_45cf3.dir/CheckSymbolExists.cxx.o' failed
make[1]: *** [CMakeFiles/cmTC_45cf3.dir/CheckSymbolExists.cxx.o] Error 1
make[1]: 离开目录“/home/building/kv/leveldb-1.23-second-final-separate-log/leveldb-1.23-second/cmake-build-debug/CMakeFiles/CMakeTmp”
Makefile:121: recipe for target 'cmTC_45cf3/fast' failed
make: *** [cmTC_45cf3/fast] Error 2


File /home/building/kv/leveldb-1.23-second-final-separate-log/leveldb-1.23-second/cmake-build-debug/CMakeFiles/CMakeTmp/CheckSymbolExists.cxx:
/* */
#include <fcntl.h>

int main(int argc, char** argv)
{
  (void)argv;
#ifndef F_FULLFSYNC
  return ((int*)(&F_FULLFSYNC))[argc];
#else
  (void)argc;
  return 0;
#endif
}

Performing C++ SOURCE FILE Test HAVE_CLANG_THREAD_SAFETY failed with the following output:
Change Dir: /home/building/kv/leveldb-1.23-second-final-separate-log/leveldb-1.23-second/cmake-build-debug/CMakeFiles/CMakeTmp

Run Build Command(s):/usr/bin/make cmTC_03dcc/fast && /usr/bin/make -f CMakeFiles/cmTC_03dcc.dir/build.make CMakeFiles/cmTC_03dcc.dir/build
make[1]: Entering directory '/home/building/kv/leveldb-1.23-second-final-separate-log/leveldb-1.23-second/cmake-build-debug/CMakeFiles/CMakeTmp'
Building CXX object CMakeFiles/cmTC_03dcc.dir/src.cxx.o
/usr/bin/c++    -fno-exceptions -fno-rtti -DHAVE_CLANG_THREAD_SAFETY   -Wthread-safety -std=c++11 -o CMakeFiles/cmTC_03dcc.dir/src.cxx.o -c /home/building/kv/leveldb-1.23-second-final-separate-log/leveldb-1.23-second/cmake-build-debug/CMakeFiles/CMakeTmp/src.cxx
c++: error: unrecognized command line option '-Wthread-safety'; did you mean '-fthread-jumps'?
CMakeFiles/cmTC_03dcc.dir/build.make:65: recipe for target 'CMakeFiles/cmTC_03dcc.dir/src.cxx.o' failed
make[1]: *** [CMakeFiles/cmTC_03dcc.dir/src.cxx.o] Error 1
make[1]: Leaving directory '/home/building/kv/leveldb-1.23-second-final-separate-log/leveldb-1.23-second/cmake-build-debug/CMakeFiles/CMakeTmp'
Makefile:121: recipe for target 'cmTC_03dcc/fast' failed
make: *** [cmTC_03dcc/fast] Error 2


Source file was:
int main() { return 0; }
Performing C SOURCE FILE Test CMAKE_HAVE_LIBC_PTHREAD failed with the following output:
Change Dir: /home/building/kv/leveldb-1.23-second-final-separate-log/leveldb-1.23-second/cmake-build-debug/CMakeFiles/CMakeTmp

Run Build Command(s):/usr/bin/make cmTC_8e5df/fast && /usr/bin/make -f CMakeFiles/cmTC_8e5df.dir/build.make CMakeFiles/cmTC_8e5df.dir/build
make[1]: 进入目录“/home/building/kv/leveldb-1.23-second-final-separate-log/leveldb-1.23-second/cmake-build-debug/CMakeFiles/CMakeTmp”
Building C object CMakeFiles/cmTC_8e5df.dir/src.c.o
/usr/bin/cc   -Wstrict-prototypes -DCMAKE_HAVE_LIBC_PTHREAD   -std=c11 -o CMakeFiles/cmTC_8e5df.dir/src.c.o   -c /home/building/kv/leveldb-1.23-second-final-separate-log/leveldb-1.23-second/cmake-build-debug/CMakeFiles/CMakeTmp/src.c
Linking C executable cmTC_8e5df
/home/building/CLion-2019.3/clion-2019.3/bin/cmake/linux/bin/cmake -E cmake_link_script CMakeFiles/cmTC_8e5df.dir/link.txt --verbose=1
/usr/bin/cc  -Wstrict-prototypes -DCMAKE_HAVE_LIBC_PTHREAD    CMakeFiles/cmTC_8e5df.dir/src.c.o  -o cmTC_8e5df 
CMakeFiles/cmTC_8e5df.dir/src.c.o：在函数‘main’中：
src.c:(.text+0x3e)：对‘pthread_create’未定义的引用
src.c:(.text+0x4a)：对‘pthread_detach’未定义的引用
src.c:(.text+0x5b)：对‘pthread_join’未定义的引用
src.c:(.text+0x6f)：对‘pthread_atfork’未定义的引用
collect2: error: ld returned 1 exit status
CMakeFiles/cmTC_8e5df.dir/build.make:86: recipe for target 'cmTC_8e5df' failed
make[1]: *** [cmTC_8e5df] Error 1
make[1]: 离开目录“/home/building/kv/leveldb-1.23-second-final-separate-log/leveldb-1.23-second/cmake-build-debug/CMakeFiles/CMakeTmp”
Makefile:121: recipe for target 'cmTC_8e5df/fast' failed
make: *** [cmTC_8e5df/fast] Error 2


Source file was:
#include <pthread.h>

void* test_func(void* data)
{
  return data;
}

int main(void)
{
  pthread_t thread;
  pthread_create(&thread, NULL, test_func, NULL);
  pthread_detach(thread);
  pthread_join(thread, NULL);
  pthread_atfork(NULL, NULL, NULL);
  pthread_exit(NULL);

  return 0;
}

Determining if the function pthread_create exists in the pthreads failed with the following output:
Change Dir: /home/building/kv/leveldb-1.23-second-final-separate-log/leveldb-1.23-second/cmake-build-debug/CMakeFiles/CMakeTmp

Run Build Command(s):/usr/bin/make cmTC_19adf/fast && /usr/bin/make -f CMakeFiles/cmTC_19adf.dir/build.make CMakeFiles/cmTC_19adf.dir/build
make[1]: 进入目录“/home/building/kv/leveldb-1.23-second-final-separate-log/leveldb-1.23-second/cmake-build-debug/CMakeFiles/CMakeTmp”
Building C object CMakeFiles/cmTC_19adf.dir/CheckFunctionExists.c.o
/usr/bin/cc   -Wstrict-prototypes -DCHECK_FUNCTION_EXISTS=pthread_create   -std=c11 -o CMakeFiles/cmTC_19adf.dir/CheckFunctionExists.c.o   -c /home/building/CLion-2019.3/clion-2019.3/bin/cmake/linux/share/cmake-3.15/Modules/CheckFunctionExists.c
Linking C executable cmTC_19adf
/home/building/CLion-2019.3/clion-2019.3/bin/cmake/linux/bin/cmake -E cmake_link_script CMakeFiles/cmTC_19adf.dir/link.txt --verbose=1
/usr/bin/cc  -Wstrict-prototypes -DCHECK_FUNCTION_EXISTS=pthread_create    CMakeFiles/cmTC_19adf.dir/CheckFunctionExists.c.o  -o cmTC_19adf -lpthreads 
/usr/bin/ld: 找不到 -lpthreads
collect2: error: ld returned 1 exit status
CMakeFiles/cmTC_19adf.dir/build.make:86: recipe for target 'cmTC_19adf' failed
make[1]: *** [cmTC_19adf] Error 1
make[1]: 离开目录“/home/building/kv/leveldb-1.23-second-final-separate-log/leveldb-1.23-second/cmake-build-debug/CMakeFiles/CMakeTmp”
Makefile:121: recipe for target 'cmTC_19adf/fast' failed
make: *** [cmTC_19adf/fast] Error 2



Performing C++ SOURCE FILE Test HAVE_CXX_FLAG_WSHORTEN_64_TO_32 failed with the following output:
Change Dir: /home/building/kv/leveldb-1.23-second-final-separate-log/leveldb-1.23-second/cmake-build-debug/CMakeFiles/CMakeTmp

Run Build Command(s):/usr/bin/make cmTC_61a86/fast && /usr/bin/make -f CMakeFiles/cmTC_61a86.dir/build.make CMakeFiles/cmTC_61a86.dir/build
make[1]: Entering directory '/home/building/kv/leveldb-1.23-second-final-separate-log/leveldb-1.23-second/cmake-build-debug/CMakeFiles/CMakeTmp'
Building CXX object CMakeFiles/cmTC_61a86.dir/src.cxx.o
/usr/bin/c++    -fno-exceptions -fno-rtti  -std=c++11  -Wall  -Wextra  -Wshadow  -Wfloat-equal  -Wsuggest-override  -pedantic  -pedantic-errors -DHAVE_CXX_FLAG_WSHORTEN_64_TO_32  -Wshorten-64-to-32   -Wshorten-64-to-32 -std=c++11 -o CMakeFiles/cmTC_61a86.dir/src.cxx.o -c /home/building/kv/leveldb-1.23-second-final-separate-log/leveldb-1.23-second/cmake-build-debug/CMakeFiles/CMakeTmp/src.cxx
c++: error: unrecognized command line option '-Wshorten-64-to-32'
c++: error: unrecognized command line option '-Wshorten-64-to-32'
CMakeFiles/cmTC_61a86.dir/build.make:65: recipe for target 'CMakeFiles/cmTC_61a86.dir/src.cxx.o' failed
make[1]: *** [CMakeFiles/cmTC_61a86.dir/src.cxx.o] Error 1
make[1]: Leaving directory '/home/building/kv/leveldb-1.23-second-final-separate-log/leveldb-1.23-second/cmake-build-debug/CMakeFiles/CMakeTmp'
Makefile:121: recipe for target 'cmTC_61a86/fast' failed
make: *** [cmTC_61a86/fast] Error 2


Source file was:
int main() { return 0; }
Performing C++ SOURCE FILE Test HAVE_CXX_FLAG_WD654 failed with the following output:
Change Dir: /home/building/kv/leveldb-1.23-second-final-separate-log/leveldb-1.23-second/cmake-build-debug/CMakeFiles/CMakeTmp

Run Build Command(s):/usr/bin/make cmTC_d2610/fast && /usr/bin/make -f CMakeFiles/cmTC_d2610.dir/build.make CMakeFiles/cmTC_d2610.dir/build
make[1]: Entering directory '/home/building/kv/leveldb-1.23-second-final-separate-log/leveldb-1.23-second/cmake-build-debug/CMakeFiles/CMakeTmp'
Building CXX object CMakeFiles/cmTC_d2610.dir/src.cxx.o
/usr/bin/c++    -fno-exceptions -fno-rtti  -std=c++11  -Wall  -Wextra  -Wshadow  -Wfloat-equal  -Wsuggest-override  -pedantic  -pedantic-errors  -fstrict-aliasing  -Wno-deprecated-declarations  -fno-exceptions  -Wstrict-aliasing -DHAVE_CXX_FLAG_WD654  -wd654   -wd654 -std=c++11 -o CMakeFiles/cmTC_d2610.dir/src.cxx.o -c /home/building/kv/leveldb-1.23-second-final-separate-log/leveldb-1.23-second/cmake-build-debug/CMakeFiles/CMakeTmp/src.cxx
c++: error: unrecognized command line option '-wd654'
c++: error: unrecognized command line option '-wd654'
CMakeFiles/cmTC_d2610.dir/build.make:65: recipe for target 'CMakeFiles/cmTC_d2610.dir/src.cxx.o' failed
make[1]: *** [CMakeFiles/cmTC_d2610.dir/src.cxx.o] Error 1
make[1]: Leaving directory '/home/building/kv/leveldb-1.23-second-final-separate-log/leveldb-1.23-second/cmake-build-debug/CMakeFiles/CMakeTmp'
Makefile:121: recipe for target 'cmTC_d2610/fast' failed
make: *** [cmTC_d2610/fast] Error 2


Source file was:
int main() { return 0; }
Performing C++ SOURCE FILE Test HAVE_CXX_FLAG_WTHREAD_SAFETY failed with the following output:
Change Dir: /home/building/kv/leveldb-1.23-second-final-separate-log/leveldb-1.23-second/cmake-build-debug/CMakeFiles/CMakeTmp

Run Build Command(s):/usr/bin/make cmTC_a990f/fast && /usr/bin/make -f CMakeFiles/cmTC_a990f.dir/build.make CMakeFiles/cmTC_a990f.dir/build
make[1]: Entering directory '/home/building/kv/leveldb-1.23-second-final-separate-log/leveldb-1.23-second/cmake-build-debug/CMakeFiles/CMakeTmp'
Building CXX object CMakeFiles/cmTC_a990f.dir/src.cxx.o
/usr/bin/c++    -fno-exceptions -fno-rtti  -std=c++11  -Wall  -Wextra  -Wshadow  -Wfloat-equal  -Wsuggest-override  -pedantic  -pedantic-errors  -fstrict-aliasing  -Wno-deprecated-declarations  -fno-exceptions  -Wstrict-aliasing -DHAVE_CXX_FLAG_WTHREAD_SAFETY  -Wthread-safety   -Wthread-safety -std=c++11 -o CMakeFiles/cmTC_a990f.dir/src.cxx.o -c /home/building/kv/leveldb-1.23-second-final-separate-log/leveldb-1.23-second/cmake-build-debug/CMakeFiles/CMakeTmp/src.cxx
c++: error: unrecognized command line option '-Wthread-safety'; did you mean '-fthread-jumps'?
c++: error: unrecognized command line option '-Wthread-safety'; did you mean '-fthread-jumps'?
CMakeFiles/cmTC_a990f.dir/build.make:65: recipe for target 'CMakeFiles/cmTC_a990f.dir/src.cxx.o' failed
make[1]: *** [CMakeFiles/cmTC_a990f.dir/src.cxx.o] Error 1
make[1]: Leaving directory '/home/building/kv/leveldb-1.23-second-final-separate-log/leveldb-1.23-second/cmake-build-debug/CMakeFiles/CMakeTmp'
Makefile:121: recipe for target 'cmTC_a990f/fast' failed
make: *** [cmTC_a990f/fast] Error 2


Source file was:
int main() { return 0; }
Determining if the function sqlite3_open exists in the sqlite3 failed with the following output:
Change Dir: /home/building/kv/leveldb-1.23-second-final-separate-log/leveldb-1.23-second/cmake-build-debug/CMakeFiles/CMakeTmp

Run Build Command(s):/usr/bin/make cmTC_582fe/fast && /usr/bin/make -f CMakeFiles/cmTC_582fe.dir/build.make CMakeFiles/cmTC_582fe.dir/build
make[1]: 进入目录“/home/building/kv/leveldb-1.23-second-final-separate-log/leveldb-1.23-second/cmake-build-debug/CMakeFiles/CMakeTmp”
Building C object CMakeFiles/cmTC_582fe.dir/CheckFunctionExists.c.o
/usr/bin/cc   -Wstrict-prototypes -DCHECK_FUNCTION_EXISTS=sqlite3_open   -std=c11 -o CMakeFiles/cmTC_582fe.dir/CheckFunctionExists.c.o   -c /home/building/CLion-2019.3/clion-2019.3/bin/cmake/linux/share/cmake-3.15/Modules/CheckFunctionExists.c
Linking C executable cmTC_582fe
/home/building/CLion-2019.3/clion-2019.3/bin/cmake/linux/bin/cmake -E cmake_link_script CMakeFiles/cmTC_582fe.dir/link.txt --verbose=1
/usr/bin/cc  -Wstrict-prototypes -DCHECK_FUNCTION_EXISTS=sqlite3_open    CMakeFiles/cmTC_582fe.dir/CheckFunctionExists.c.o  -o cmTC_582fe -lsqlite3 
/usr/bin/ld: 找不到 -lsqlite3
collect2: error: ld returned 1 exit status
CMakeFiles/cmTC_582fe.dir/build.make:86: recipe for target 'cmTC_582fe' failed
make[1]: *** [cmTC_582fe] Error 1
make[1]: 离开目录“/home/building/kv/leveldb-1.23-second-final-separate-log/leveldb-1.23-second/cmake-build-debug/CMakeFiles/CMakeTmp”
Makefile:121: recipe for target 'cmTC_582fe/fast' failed
make: *** [cmTC_582fe/fast] Error 2



Performing C++ SOURCE FILE Test HAVE_KYOTOCABINET failed with the following output:
Change Dir: /home/building/kv/leveldb-1.23-second-final-separate-log/leveldb-1.23-second/cmake-build-debug/CMakeFiles/CMakeTmp

Run Build Command(s):/usr/bin/make cmTC_994f5/fast && /usr/bin/make -f CMakeFiles/cmTC_994f5.dir/build.make CMakeFiles/cmTC_994f5.dir/build
make[1]: 进入目录“/home/building/kv/leveldb-1.23-second-final-separate-log/leveldb-1.23-second/cmake-build-debug/CMakeFiles/CMakeTmp”
Building CXX object CMakeFiles/cmTC_994f5.dir/src.cxx.o
/usr/bin/c++    -fno-exceptions -fno-rtti -DHAVE_KYOTOCABINET   -std=c++11 -o CMakeFiles/cmTC_994f5.dir/src.cxx.o -c /home/building/kv/leveldb-1.23-second-final-separate-log/leveldb-1.23-second/cmake-build-debug/CMakeFiles/CMakeTmp/src.cxx
/home/building/kv/leveldb-1.23-second-final-separate-log/leveldb-1.23-second/cmake-build-debug/CMakeFiles/CMakeTmp/src.cxx:2:10: fatal error: kcpolydb.h: 没有那个文件或目录
 #include <kcpolydb.h>
          ^~~~~~~~~~~~
compilation terminated.
CMakeFiles/cmTC_994f5.dir/build.make:65: recipe for target 'CMakeFiles/cmTC_994f5.dir/src.cxx.o' failed
make[1]: *** [CMakeFiles/cmTC_994f5.dir/src.cxx.o] Error 1
make[1]: 离开目录“/home/building/kv/leveldb-1.23-second-final-separate-log/leveldb-1.23-second/cmake-build-debug/CMakeFiles/CMakeTmp”
Makefile:121: recipe for target 'cmTC_994f5/fast' failed
make: *** [cmTC_994f5/fast] Error 2


Source file was:

#include <kcpolydb.h>

int main() {
  kyotocabinet::TreeDB* db = new kyotocabinet::TreeDB();
  delete db;
  return 0;
}
  
